生成启动时间为 2020/5/22 23:07:24。
     1>项目“D:\my-git\Project10\Project10\Project10.vcxproj”在节点 2 上(Build 个目标)。
     1>ClCompile:
         D:\vs\VC\bin\CL.exe /c /ZI /nologo /W3 /WX- /sdl /Od /Oy- /D _MBCS /Gm /EHsc /RTC1 /MDd /GS /fp:precise /Zc:wchar_t /Zc:forScope /Fo"Debug\\" /Fd"Debug\vc120.pdb" /Gd /TP /analyze- /errorReport:prompt test.cpp
         test.cpp
     1>d:\my-git\project10\project10\test.cpp(30): warning C4018: “<”: 有符号/无符号不匹配
     1>d:\my-git\project10\project10\test.cpp(34): warning C4018: “<”: 有符号/无符号不匹配
     1>d:\my-git\project10\project10\test.cpp(67): warning C4018: “<”: 有符号/无符号不匹配
     1>d:\my-git\project10\project10\test.cpp(72): warning C4018: “<”: 有符号/无符号不匹配
     1>d:\my-git\project10\project10\test.cpp(77): warning C4018: “<”: 有符号/无符号不匹配
     1>d:\my-git\project10\project10\test.cpp(82): warning C4018: “<”: 有符号/无符号不匹配
     1>d:\my-git\project10\project10\test.cpp(87): warning C4018: “<”: 有符号/无符号不匹配
     1>d:\my-git\project10\project10\test.cpp(92): warning C4018: “<”: 有符号/无符号不匹配
     1>d:\my-git\project10\project10\test.cpp(101): warning C4018: “<”: 有符号/无符号不匹配
     1>d:\my-git\project10\project10\test.cpp(106): warning C4018: “<”: 有符号/无符号不匹配
     1>d:\my-git\project10\project10\test.cpp(111): warning C4018: “<”: 有符号/无符号不匹配
       Link:
         D:\vs\VC\bin\link.exe /ERRORREPORT:PROMPT /OUT:"D:\my-git\Project10\Debug\Project10.exe" /INCREMENTAL /NOLOGO kernel32.lib user32.lib gdi32.lib winspool.lib comdlg32.lib advapi32.lib shell32.lib ole32.lib oleaut32.lib uuid.lib odbc32.lib odbccp32.lib /MANIFEST /MANIFESTUAC:"level='asInvoker' uiAccess='false'" /manifest:embed /DEBUG /PDB:"D:\my-git\Project10\Debug\Project10.pdb" /TLBID:1 /DYNAMICBASE /NXCOMPAT /IMPLIB:"D:\my-git\Project10\Debug\Project10.lib" /MACHINE:X86 Debug\test.obj
         Project10.vcxproj -> D:\my-git\Project10\Debug\Project10.exe
     1>已完成生成项目“D:\my-git\Project10\Project10\Project10.vcxproj”(Build 个目标)的操作。

生成成功。

已用时间 00:00:00.72
